Flow report for Assignment7
Mon May 10 14:08:39 2021
Quartus II 64-Bit Version 14.1.0 Build 186 12/03/2014 SJ Web Edition


---------------------
; Table of Contents ;
---------------------
  1. Legal Notice
  2. Flow Summary
  3. Flow Settings
  4. Flow Non-Default Global Settings
  5. Flow Elapsed Time
  6. Flow OS Summary
  7. Flow Log
  8. Flow Messages
  9. Flow Suppressed Messages



----------------
; Legal Notice ;
----------------
Copyright (C) 1991-2014 Altera Corporation. All rights reserved.
Your use of Altera Corporation's design tools, logic functions 
and other software and tools, and its AMPP partner logic 
functions, and any output files from any of the foregoing 
(including device programming or simulation files), and any 
associated documentation or information are expressly subject 
to the terms and conditions of the Altera Program License 
Subscription Agreement, the Altera Quartus II License Agreement,
the Altera MegaCore Function License Agreement, or other 
applicable license agreement, including, without limitation, 
that your use is for the sole purpose of programming logic 
devices manufactured by Altera and sold by Altera or its 
authorized distributors.  Please refer to the applicable 
agreement for further details.



+---------------------------------------------------------------------------------+
; Flow Summary                                                                    ;
+------------------------------------+--------------------------------------------+
; Flow Status                        ; Successful - Mon May 10 14:08:39 2021      ;
; Quartus II 64-Bit Version          ; 14.1.0 Build 186 12/03/2014 SJ Web Edition ;
; Revision Name                      ; Assignment7                                ;
; Top-level Entity Name              ; johnson_counter                            ;
; Family                             ; Cyclone IV GX                              ;
; Total logic elements               ; 4                                          ;
;     Total combinational functions  ; 1                                          ;
;     Dedicated logic registers      ; 4                                          ;
; Total registers                    ; 4                                          ;
; Total pins                         ; 6                                          ;
; Total virtual pins                 ; 0                                          ;
; Total memory bits                  ; 0                                          ;
; Embedded Multiplier 9-bit elements ; 0                                          ;
; Total GXB Receiver Channel PCS     ; 0                                          ;
; Total GXB Receiver Channel PMA     ; 0                                          ;
; Total GXB Transmitter Channel PCS  ; 0                                          ;
; Total GXB Transmitter Channel PMA  ; 0                                          ;
; Total PLLs                         ; 0                                          ;
+------------------------------------+--------------------------------------------+


+-----------------------------------------+
; Flow Settings                           ;
+-------------------+---------------------+
; Option            ; Setting             ;
+-------------------+---------------------+
; Start date & time ; 05/10/2021 14:07:03 ;
; Main task         ; Compilation         ;
; Revision Name     ; Assignment7         ;
+-------------------+---------------------+


+--------------------------------------------------------------------------------------------------------------------------+
; Flow Non-Default Global Settings                                                                                         ;
+-------------------------------------+---------------------------------+---------------+-----------------+----------------+
; Assignment Name                     ; Value                           ; Default Value ; Entity Name     ; Section Id     ;
+-------------------------------------+---------------------------------+---------------+-----------------+----------------+
; COMPILER_SIGNATURE_ID               ; 207709717525892.162063582308668 ; --            ; --              ; --             ;
; EDA_OUTPUT_DATA_FORMAT              ; Vhdl                            ; --            ; --              ; eda_simulation ;
; EDA_SIMULATION_TOOL                 ; ModelSim-Altera (VHDL)          ; <None>        ; --              ; --             ;
; PARTITION_COLOR                     ; 16764057                        ; --            ; johnson_counter ; Top            ;
; PARTITION_FITTER_PRESERVATION_LEVEL ; PLACEMENT_AND_ROUTING           ; --            ; johnson_counter ; Top            ;
; PARTITION_NETLIST_TYPE              ; SOURCE                          ; --            ; johnson_counter ; Top            ;
; PROJECT_OUTPUT_DIRECTORY            ; output_files                    ; --            ; --              ; --             ;
; TOP_LEVEL_ENTITY                    ; johnson_counter                 ; Assignment7   ; --              ; --             ;
+-------------------------------------+---------------------------------+---------------+-----------------+----------------+


+--------------------------------------------------------------------------------------------------------------------------+
; Flow Elapsed Time                                                                                                        ;
+----------------------+--------------+-------------------------+---------------------+------------------------------------+
; Module Name          ; Elapsed Time ; Average Processors Used ; Peak Virtual Memory ; Total CPU Time (on all processors) ;
+----------------------+--------------+-------------------------+---------------------+------------------------------------+
; Analysis & Synthesis ; 00:00:13     ; 1.0                     ; 4854 MB             ; 00:00:31                           ;
; EDA Netlist Writer   ; 00:00:01     ; 1.0                     ; 4707 MB             ; 00:00:01                           ;
; EDA Netlist Writer   ; 00:00:01     ; 1.0                     ; 4711 MB             ; 00:00:01                           ;
; Total                ; 00:00:15     ; --                      ; --                  ; 00:00:33                           ;
+----------------------+--------------+-------------------------+---------------------+------------------------------------+


+-----------------------------------------------------------------------------------+
; Flow OS Summary                                                                   ;
+----------------------+------------------+-----------+------------+----------------+
; Module Name          ; Machine Hostname ; OS Name   ; OS Version ; Processor type ;
+----------------------+------------------+-----------+------------+----------------+
; Analysis & Synthesis ; LAPTOP-JUDHCLGF  ; Windows 7 ; 6.2        ; x86_64         ;
; EDA Netlist Writer   ; LAPTOP-JUDHCLGF  ; Windows 7 ; 6.2        ; x86_64         ;
; EDA Netlist Writer   ; LAPTOP-JUDHCLGF  ; Windows 7 ; 6.2        ; x86_64         ;
+----------------------+------------------+-----------+------------+----------------+


------------
; Flow Log ;
------------
quartus_map --read_settings_files=on --write_settings_files=off Assignment7 -c Assignment7
quartus_eda --gen_testbench --check_outputs=on --tool=modelsim_oem --format=verilog --write_settings_files=off Assignment7 -c Assignment7 --vector_source=C:/Users/mehta/Desktop/Quartus/Assignment7/johnsoncounter.vwf --testbench_file=C:/Users/mehta/Desktop/Quartus/Assignment7/simulation/qsim/johnsoncounter.vwf.vt
quartus_eda --write_settings_files=off --functional=on --flatten_buses=off --simulation=on --tool=modelsim_oem --format=verilog --output_directory=C:/Users/mehta/Desktop/Quartus/Assignment7/simulation/qsim/ Assignment7 -c Assignment7



